<?xml version="1.0" encoding="UTF-8"?>
<!-- Generated by org.testng.reporters.JUnitXMLReporter -->
<testsuite hostname="MANJEET-PC" ignored="0" name="Test" tests="3" failures="0" timestamp="30 Jun 2019 14:22:48 GMT" time="31.362" errors="0">
  <testcase name="UserLoginWithInvalidData" time="1.83" classname="AvactisRegistrationPageTestCases.AvactisSingInTestFlow"/>
  <testcase name="UserLoginWithvalidData" time="6.037" classname="AvactisRegistrationPageTestCases.AvactisSingInTestFlow"/>
  <testcase name="testCaseTwo" time="0.001" classname="AvactisRegistrationPageTestCases.AvactisSingInTestFlow"/>
</testsuite> <!-- Test -->
