<?xml version="1.0" encoding="UTF-8"?>
<!-- Generated by org.testng.reporters.JUnitXMLReporter -->
<testsuite hostname="MANJEET-PC" ignored="0" name="Default test" tests="1" failures="0" timestamp="03 Feb 2019 05:29:34 GMT" time="0.063" errors="0">
  <testcase name="avaticsNewUserregistrationflowtest" time="0.0" classname="AvactisRegistrationPageTestCases.AvactisRegistrationFlowTest">
    <skipped/>
  </testcase> <!-- avaticsNewUserregistrationflowtest -->
</testsuite> <!-- Default test -->
