<?xml version="1.0" encoding="UTF-8"?>
<testng-results skipped="0" failed="0" ignored="0" total="2" passed="2">
  <reporter-output>
  </reporter-output>
  <suite name="Suite" duration-ms="45484" started-at="2019-02-11T08:27:59Z" finished-at="2019-02-11T08:28:44Z">
    <groups>
      <group name="Functional">
        <method signature="AvactisSingInTestFlow.UserLoginWithInvalidData()[pri:0, instance:AvactisRegistrationPageTestCases.AvactisSingInTestFlow@5f2050f6]" name="UserLoginWithInvalidData" class="AvactisRegistrationPageTestCases.AvactisSingInTestFlow"/>
      </group> <!-- Functional -->
      <group name="Regression">
        <method signature="AvactisSingInTestFlow.UserLoginWithvalidData()[pri:0, instance:AvactisRegistrationPageTestCases.AvactisSingInTestFlow@5f2050f6]" name="UserLoginWithvalidData" class="AvactisRegistrationPageTestCases.AvactisSingInTestFlow"/>
      </group> <!-- Regression -->
    </groups>
    <test name="Test" duration-ms="45484" started-at="2019-02-11T08:27:59Z" finished-at="2019-02-11T08:28:44Z">
      <class name="AvactisRegistrationPageTestCases.AvactisSingInTestFlow">
        <test-method status="PASS" signature="beforeMethod()[pri:0, instance:AvactisRegistrationPageTestCases.AvactisSingInTestFlow@5f2050f6]" name="beforeMethod" is-config="true" duration-ms="15062" started-at="2019-02-11T13:57:59Z" finished-at="2019-02-11T13:58:14Z">
          <reporter-output>
          </reporter-output>
        </test-method> <!-- beforeMethod -->
        <test-method status="PASS" signature="UserLoginWithInvalidData()[pri:0, instance:AvactisRegistrationPageTestCases.AvactisSingInTestFlow@5f2050f6]" name="UserLoginWithInvalidData" duration-ms="7177" started-at="2019-02-11T13:58:14Z" finished-at="2019-02-11T13:58:21Z">
          <reporter-output>
          </reporter-output>
        </test-method> <!-- UserLoginWithInvalidData -->
        <test-method status="PASS" signature="afterMethod()[pri:0, instance:AvactisRegistrationPageTestCases.AvactisSingInTestFlow@5f2050f6]" name="afterMethod" is-config="true" duration-ms="0" started-at="2019-02-11T13:58:21Z" finished-at="2019-02-11T13:58:21Z">
          <reporter-output>
          </reporter-output>
        </test-method> <!-- afterMethod -->
        <test-method status="PASS" signature="beforeMethod()[pri:0, instance:AvactisRegistrationPageTestCases.AvactisSingInTestFlow@5f2050f6]" name="beforeMethod" is-config="true" duration-ms="14972" started-at="2019-02-11T13:58:21Z" finished-at="2019-02-11T13:58:36Z">
          <reporter-output>
          </reporter-output>
        </test-method> <!-- beforeMethod -->
        <test-method status="PASS" signature="UserLoginWithvalidData()[pri:0, instance:AvactisRegistrationPageTestCases.AvactisSingInTestFlow@5f2050f6]" name="UserLoginWithvalidData" duration-ms="8246" started-at="2019-02-11T13:58:36Z" finished-at="2019-02-11T13:58:44Z">
          <reporter-output>
          </reporter-output>
        </test-method> <!-- UserLoginWithvalidData -->
        <test-method status="PASS" signature="afterMethod()[pri:0, instance:AvactisRegistrationPageTestCases.AvactisSingInTestFlow@5f2050f6]" name="afterMethod" is-config="true" duration-ms="0" started-at="2019-02-11T13:58:44Z" finished-at="2019-02-11T13:58:44Z">
          <reporter-output>
          </reporter-output>
        </test-method> <!-- afterMethod -->
      </class> <!-- AvactisRegistrationPageTestCases.AvactisSingInTestFlow -->
    </test> <!-- Test -->
  </suite> <!-- Suite -->
</testng-results>
