<?xml version="1.0" encoding="UTF-8"?>
<testng-results skipped="0" failed="0" ignored="0" total="3" passed="3">
  <reporter-output>
  </reporter-output>
  <suite name="Suite" duration-ms="31362" started-at="2019-06-30T14:22:17Z" finished-at="2019-06-30T14:22:48Z">
    <groups>
      <group name="Functional">
        <method signature="AvactisSingInTestFlow.UserLoginWithInvalidData()[pri:0, instance:AvactisRegistrationPageTestCases.AvactisSingInTestFlow@4e04a765]" name="UserLoginWithInvalidData" class="AvactisRegistrationPageTestCases.AvactisSingInTestFlow"/>
      </group> <!-- Functional -->
      <group name="Regression">
        <method signature="AvactisSingInTestFlow.UserLoginWithvalidData(java.lang.String, java.lang.String)[pri:0, instance:AvactisRegistrationPageTestCases.AvactisSingInTestFlow@4e04a765]" name="UserLoginWithvalidData" class="AvactisRegistrationPageTestCases.AvactisSingInTestFlow"/>
      </group> <!-- Regression -->
    </groups>
    <test name="Test" duration-ms="31362" started-at="2019-06-30T14:22:17Z" finished-at="2019-06-30T14:22:48Z">
      <class name="AvactisRegistrationPageTestCases.AvactisSingInTestFlow">
        <test-method status="PASS" signature="beforeMethod()[pri:0, instance:AvactisRegistrationPageTestCases.AvactisSingInTestFlow@4e04a765]" name="beforeMethod" is-config="true" duration-ms="7912" started-at="2019-06-30T19:52:17Z" finished-at="2019-06-30T19:52:25Z">
          <reporter-output>
          </reporter-output>
        </test-method> <!-- beforeMethod -->
        <test-method status="PASS" signature="UserLoginWithInvalidData()[pri:0, instance:AvactisRegistrationPageTestCases.AvactisSingInTestFlow@4e04a765]" name="UserLoginWithInvalidData" duration-ms="1830" started-at="2019-06-30T19:52:25Z" finished-at="2019-06-30T19:52:27Z">
          <reporter-output>
          </reporter-output>
        </test-method> <!-- UserLoginWithInvalidData -->
        <test-method status="PASS" signature="afterMethod()[pri:0, instance:AvactisRegistrationPageTestCases.AvactisSingInTestFlow@4e04a765]" name="afterMethod" is-config="true" duration-ms="2" started-at="2019-06-30T19:52:27Z" finished-at="2019-06-30T19:52:27Z">
          <reporter-output>
          </reporter-output>
        </test-method> <!-- afterMethod -->
        <test-method status="PASS" signature="beforeMethod()[pri:0, instance:AvactisRegistrationPageTestCases.AvactisSingInTestFlow@4e04a765]" name="beforeMethod" is-config="true" duration-ms="7220" started-at="2019-06-30T19:52:27Z" finished-at="2019-06-30T19:52:34Z">
          <reporter-output>
          </reporter-output>
        </test-method> <!-- beforeMethod -->
        <test-method status="PASS" signature="UserLoginWithvalidData(java.lang.String, java.lang.String)[pri:0, instance:AvactisRegistrationPageTestCases.AvactisSingInTestFlow@4e04a765]" name="UserLoginWithvalidData" duration-ms="6037" started-at="2019-06-30T19:52:34Z" finished-at="2019-06-30T19:52:40Z">
          <params>
            <param index="0">
              <value>
                <![CDATA[manii.singh4@gmail.com]]>
              </value>
            </param>
            <param index="1">
              <value>
                <![CDATA[Waheguru@1313]]>
              </value>
            </param>
          </params>
          <reporter-output>
          </reporter-output>
        </test-method> <!-- UserLoginWithvalidData -->
        <test-method status="PASS" signature="afterMethod()[pri:0, instance:AvactisRegistrationPageTestCases.AvactisSingInTestFlow@4e04a765]" name="afterMethod" is-config="true" duration-ms="0" started-at="2019-06-30T19:52:40Z" finished-at="2019-06-30T19:52:40Z">
          <reporter-output>
          </reporter-output>
        </test-method> <!-- afterMethod -->
        <test-method status="PASS" signature="beforeMethod()[pri:0, instance:AvactisRegistrationPageTestCases.AvactisSingInTestFlow@4e04a765]" name="beforeMethod" is-config="true" duration-ms="8332" started-at="2019-06-30T19:52:40Z" finished-at="2019-06-30T19:52:48Z">
          <reporter-output>
          </reporter-output>
        </test-method> <!-- beforeMethod -->
        <test-method status="PASS" signature="testCaseTwo(java.lang.String, java.lang.String)[pri:0, instance:AvactisRegistrationPageTestCases.AvactisSingInTestFlow@4e04a765]" name="testCaseTwo" duration-ms="1" started-at="2019-06-30T19:52:48Z" finished-at="2019-06-30T19:52:48Z">
          <params>
            <param index="0">
              <value>
                <![CDATA[testuser]]>
              </value>
            </param>
            <param index="1">
              <value>
                <![CDATA[NewPassword]]>
              </value>
            </param>
          </params>
          <reporter-output>
          </reporter-output>
        </test-method> <!-- testCaseTwo -->
        <test-method status="PASS" signature="afterMethod()[pri:0, instance:AvactisRegistrationPageTestCases.AvactisSingInTestFlow@4e04a765]" name="afterMethod" is-config="true" duration-ms="0" started-at="2019-06-30T19:52:48Z" finished-at="2019-06-30T19:52:48Z">
          <reporter-output>
          </reporter-output>
        </test-method> <!-- afterMethod -->
      </class> <!-- AvactisRegistrationPageTestCases.AvactisSingInTestFlow -->
    </test> <!-- Test -->
  </suite> <!-- Suite -->
</testng-results>
