<?xml version="1.0" encoding="UTF-8"?>
<!-- Generated by org.testng.reporters.JUnitXMLReporter -->
<testsuite hostname="MANJEET-PC" ignored="0" name="Test" tests="2" failures="0" timestamp="11 Feb 2019 08:28:44 GMT" time="45.484" errors="0">
  <testcase name="UserLoginWithInvalidData" time="7.177" classname="AvactisRegistrationPageTestCases.AvactisSingInTestFlow"/>
  <testcase name="UserLoginWithvalidData" time="8.246" classname="AvactisRegistrationPageTestCases.AvactisSingInTestFlow"/>
</testsuite> <!-- Test -->
